<?xml version="1.0" encoding="UTF-8"?>
<!-- Generated by org.testng.reporters.JUnitXMLReporter -->
<testsuite ignored="0" hostname="Lorax-ND4170M8Q" failures="0" tests="4" name="Surefire test" time="14.883" errors="0" timestamp="2025-05-11T09:39:43 BST">
  <testcase classname="com.inventoryapi.apis.ApiTests" name="testCreateProducts" time="0.016"/>
  <testcase classname="com.inventoryapi.apis.ApiTests" name="testGetProducts" time="11.248"/>
  <testcase classname="com.inventoryapi.apis.LoginTest" name="invalidLoginTest" time="0.699"/>
  <testcase classname="com.inventoryapi.apis.LoginTest" name="validLoginTest" time="1.126"/>
</testsuite> <!-- Surefire test -->
