<?xml version="1.0" encoding="UTF-8"?>
<testng-results ignored="0" total="4" passed="4" failed="0" skipped="0">
  <reporter-output>
  </reporter-output>
  <suite started-at="2025-05-11T09:39:29 BST" name="Surefire suite" finished-at="2025-05-11T09:39:43 BST" duration-ms="14883">
    <groups>
    </groups>
    <test started-at="2025-05-11T09:39:29 BST" name="Surefire test" finished-at="2025-05-11T09:39:43 BST" duration-ms="14883">
      <class name="com.inventoryapi.apis.ApiTests">
        <test-method signature="testCreateProducts()[pri:0, instance:com.inventoryapi.apis.ApiTests@69930714]" started-at="2025-05-11T09:39:29 BST" name="testCreateProducts" finished-at="2025-05-11T09:39:29 BST" duration-ms="16" status="PASS">
          <reporter-output>
          </reporter-output>
        </test-method> <!-- testCreateProducts -->
        <test-method signature="testGetProducts()[pri:0, instance:com.inventoryapi.apis.ApiTests@69930714]" started-at="2025-05-11T09:39:29 BST" name="testGetProducts" finished-at="2025-05-11T09:39:40 BST" depends-on-methods="com.inventoryapi.apis.ApiTests.testCreateProducts" duration-ms="11248" status="PASS">
          <reporter-output>
          </reporter-output>
        </test-method> <!-- testGetProducts -->
      </class> <!-- com.inventoryapi.apis.ApiTests -->
      <class name="com.inventoryapi.apis.LoginTest">
        <test-method is-config="true" signature="setUp()[pri:0, instance:com.inventoryapi.apis.LoginTest@45018215]" started-at="2025-05-11T09:39:40 BST" name="setUp" finished-at="2025-05-11T09:39:42 BST" duration-ms="1698" status="PASS">
          <reporter-output>
          </reporter-output>
        </test-method> <!-- setUp -->
        <test-method signature="invalidLoginTest()[pri:0, instance:com.inventoryapi.apis.LoginTest@45018215]" started-at="2025-05-11T09:39:42 BST" name="invalidLoginTest" finished-at="2025-05-11T09:39:42 BST" duration-ms="699" status="PASS">
          <reporter-output>
          </reporter-output>
        </test-method> <!-- invalidLoginTest -->
        <test-method signature="validLoginTest()[pri:0, instance:com.inventoryapi.apis.LoginTest@45018215]" started-at="2025-05-11T09:39:42 BST" name="validLoginTest" finished-at="2025-05-11T09:39:43 BST" duration-ms="1126" status="PASS">
          <reporter-output>
          </reporter-output>
        </test-method> <!-- validLoginTest -->
        <test-method is-config="true" signature="tearDown()[pri:0, instance:com.inventoryapi.apis.LoginTest@45018215]" started-at="2025-05-11T09:39:43 BST" name="tearDown" finished-at="2025-05-11T09:39:43 BST" duration-ms="0" status="PASS">
          <reporter-output>
          </reporter-output>
        </test-method> <!-- tearDown -->
      </class> <!-- com.inventoryapi.apis.LoginTest -->
    </test> <!-- Surefire test -->
  </suite> <!-- Surefire suite -->
</testng-results>
